2014-10-21 06:15:06,827 - [INFO] - from play in pool-67-thread-2 
Listening for HTTP on /0:0:0:0:0:0:0:0:9000

2014-10-21 06:15:31,572 - [INFO] - from play in play-internal-execution-context-1 
datasource [jdbc:h2:mem:play] bound to JNDI as DefaultDS

2014-10-21 06:15:31,734 - [INFO] - from play in play-internal-execution-context-1 
database [default] connected at jdbc:h2:mem:play

2014-10-21 06:15:35,377 - [INFO] - from play in play-internal-execution-context-1 
Application started (Dev)

2014-10-21 06:16:58,384 - [INFO] - from play in play-internal-execution-context-1 
datasource [jdbc:h2:mem:play] bound to JNDI as DefaultDS

2014-10-21 06:16:58,388 - [INFO] - from play in play-internal-execution-context-1 
database [default] connected at jdbc:h2:mem:play

2014-10-21 06:16:58,538 - [INFO] - from play in play-internal-execution-context-1 
Application started (Dev)

2014-10-21 06:18:01,256 - [INFO] - from play in play-internal-execution-context-1 
datasource [jdbc:h2:mem:play] bound to JNDI as DefaultDS

2014-10-21 06:18:01,260 - [INFO] - from play in play-internal-execution-context-1 
database [default] connected at jdbc:h2:mem:play

2014-10-21 06:18:01,814 - [INFO] - from play in play-internal-execution-context-1 
Application started (Dev)

2014-10-21 06:20:49,308 - [INFO] - from play in play-internal-execution-context-1 
datasource [jdbc:h2:mem:play] bound to JNDI as DefaultDS

2014-10-21 06:20:49,314 - [INFO] - from play in play-internal-execution-context-1 
database [default] connected at jdbc:h2:mem:play

2014-10-21 06:20:49,481 - [INFO] - from play in play-internal-execution-context-1 
Application started (Dev)

2014-10-21 06:23:52,546 - [INFO] - from play in play-internal-execution-context-1 
datasource [jdbc:h2:mem:play] bound to JNDI as DefaultDS

2014-10-21 06:23:52,568 - [INFO] - from play in play-internal-execution-context-1 
database [default] connected at jdbc:h2:mem:play

2014-10-21 06:23:52,786 - [INFO] - from play in play-internal-execution-context-1 
Application started (Dev)

2014-10-21 06:28:00,939 - [INFO] - from play in play-internal-execution-context-1 
datasource [jdbc:h2:mem:play] bound to JNDI as DefaultDS

2014-10-21 06:28:00,949 - [INFO] - from play in play-internal-execution-context-1 
database [default] connected at jdbc:h2:mem:play

2014-10-21 06:28:01,308 - [INFO] - from play in play-internal-execution-context-1 
Application started (Dev)

2014-10-21 06:33:53,876 - [ERROR] - from play in play-internal-execution-context-1 
Cannot invoke the action, eventually got an error: java.lang.NumberFormatException: For input string: "b"

2014-10-21 06:33:54,244 - [ERROR] - from application in play-internal-execution-context-1 


! @6k0kpm6kh - Internal server error, for (GET) [/dashboard/b] ->

play.api.Application$$anon$1: Execution exception[[NumberFormatException: For input string: "b"]]
	at play.api.Application$class.handleError(Application.scala:293) ~[play_2.10.jar:2.2.1]
	at play.api.DefaultApplication.handleError(Application.scala:399) ~[play_2.10.jar:2.2.1]
	at play.core.server.netty.PlayDefaultUpstreamHandler$$anonfun$2$$anonfun$applyOrElse$3.apply(PlayDefaultUpstreamHandler.scala:261) ~[play_2.10.jar:2.2.1]
	at play.core.server.netty.PlayDefaultUpstreamHandler$$anonfun$2$$anonfun$applyOrElse$3.apply(PlayDefaultUpstreamHandler.scala:261) ~[play_2.10.jar:2.2.1]
	at scala.Option.map(Option.scala:145) ~[scala-library.jar:na]
	at play.core.server.netty.PlayDefaultUpstreamHandler$$anonfun$2.applyOrElse(PlayDefaultUpstreamHandler.scala:261) ~[play_2.10.jar:2.2.1]
	at play.core.server.netty.PlayDefaultUpstreamHandler$$anonfun$2.applyOrElse(PlayDefaultUpstreamHandler.scala:257) ~[play_2.10.jar:2.2.1]
	at scala.runtime.AbstractPartialFunction.apply(AbstractPartialFunction.scala:33) ~[scala-library.jar:na]
	at scala.concurrent.Future$$anonfun$recoverWith$1.apply(Future.scala:411) ~[scala-library.jar:na]
	at scala.concurrent.Future$$anonfun$recoverWith$1.apply(Future.scala:408) ~[scala-library.jar:na]
	at scala.concurrent.impl.CallbackRunnable.run(Promise.scala:29) ~[scala-library.jar:na]
	at play.api.libs.iteratee.Execution$$anon$1.execute(Execution.scala:43) ~[play-iteratees_2.10.jar:2.2.1]
	at scala.concurrent.impl.CallbackRunnable.executeWithValue(Promise.scala:37) ~[scala-library.jar:na]
	at scala.concurrent.impl.Promise$DefaultPromise.tryComplete(Promise.scala:133) ~[scala-library.jar:na]
	at scala.concurrent.Promise$class.complete(Promise.scala:55) ~[scala-library.jar:na]
	at scala.concurrent.impl.Promise$DefaultPromise.complete(Promise.scala:58) ~[scala-library.jar:na]
	at scala.concurrent.Future$$anonfun$map$1.apply(Future.scala:254) ~[scala-library.jar:na]
	at scala.concurrent.Future$$anonfun$map$1.apply(Future.scala:249) ~[scala-library.jar:na]
	at scala.concurrent.impl.CallbackRunnable.run(Promise.scala:29) ~[scala-library.jar:na]
	at scala.concurrent.forkjoin.ForkJoinTask$AdaptedRunnableAction.exec(ForkJoinTask.java:1361) ~[scala-library.jar:na]
	at scala.concurrent.forkjoin.ForkJoinTask.doExec(ForkJoinTask.java:260) ~[scala-library.jar:na]
	at scala.concurrent.forkjoin.ForkJoinPool$WorkQueue.runTask(ForkJoinPool.java:1339) ~[scala-library.jar:na]
	at scala.concurrent.forkjoin.ForkJoinPool.runWorker(ForkJoinPool.java:1979) ~[scala-library.jar:na]
	at scala.concurrent.forkjoin.ForkJoinWorkerThread.run(ForkJoinWorkerThread.java:107) ~[scala-library.jar:na]
Caused by: java.lang.NumberFormatException: For input string: "b"
	at java.lang.NumberFormatException.forInputString(NumberFormatException.java:65) ~[na:1.7.0_25]
	at java.lang.Long.parseLong(Long.java:441) ~[na:1.7.0_25]
	at java.lang.Long.parseLong(Long.java:483) ~[na:1.7.0_25]
	at controllers.FrontEndController.dashboard(FrontEndController.java:20) ~[na:na]
	at Routes$$anonfun$routes$1$$anonfun$applyOrElse$3$$anonfun$apply$3.apply(routes_routing.scala:105) ~[na:na]
	at Routes$$anonfun$routes$1$$anonfun$applyOrElse$3$$anonfun$apply$3.apply(routes_routing.scala:105) ~[na:na]
	at play.core.Router$HandlerInvoker$$anon$7$$anon$2.invocation(Router.scala:183) ~[play_2.10.jar:2.2.1]
	at play.core.Router$Routes$$anon$1.invocation(Router.scala:377) ~[play_2.10.jar:2.2.1]
	at play.core.j.JavaAction$$anon$1.call(JavaAction.scala:56) ~[play_2.10.jar:2.2.1]
	at play.core.j.JavaAction$$anon$3.apply(JavaAction.scala:91) ~[play_2.10.jar:2.2.1]
	at play.core.j.JavaAction$$anon$3.apply(JavaAction.scala:90) ~[play_2.10.jar:2.2.1]
	at play.core.j.FPromiseHelper$$anonfun$flatMap$1.apply(FPromiseHelper.scala:82) ~[play_2.10.jar:2.2.1]
	at play.core.j.FPromiseHelper$$anonfun$flatMap$1.apply(FPromiseHelper.scala:82) ~[play_2.10.jar:2.2.1]
	at scala.concurrent.Future$$anonfun$flatMap$1.apply(Future.scala:278) ~[scala-library.jar:na]
	at scala.concurrent.Future$$anonfun$flatMap$1.apply(Future.scala:274) ~[scala-library.jar:na]
	at scala.concurrent.impl.CallbackRunnable.run(Promise.scala:29) ~[scala-library.jar:na]
	at play.core.j.HttpExecutionContext$$anon$2.run(HttpExecutionContext.scala:37) ~[play_2.10.jar:2.2.1]
	at akka.dispatch.TaskInvocation.run(AbstractDispatcher.scala:42) ~[akka-actor_2.10.jar:2.2.0]
	at akka.dispatch.ForkJoinExecutorConfigurator$AkkaForkJoinTask.exec(AbstractDispatcher.scala:386) ~[akka-actor_2.10.jar:2.2.0]
	... 4 common frames omitted

2014-10-21 06:36:00,766 - [INFO] - from play in play-internal-execution-context-1 
datasource [jdbc:h2:mem:play] bound to JNDI as DefaultDS

2014-10-21 06:36:00,789 - [INFO] - from play in play-internal-execution-context-1 
database [default] connected at jdbc:h2:mem:play

2014-10-21 06:36:02,179 - [INFO] - from play in play-internal-execution-context-1 
Application started (Dev)

2014-10-21 06:40:00,872 - [INFO] - from play in play-internal-execution-context-1 
datasource [jdbc:h2:mem:play] bound to JNDI as DefaultDS

2014-10-21 06:40:00,882 - [INFO] - from play in play-internal-execution-context-1 
database [default] connected at jdbc:h2:mem:play

2014-10-21 06:40:01,069 - [INFO] - from play in play-internal-execution-context-1 
Application started (Dev)

2014-10-21 06:41:02,917 - [INFO] - from play in play-internal-execution-context-1 
datasource [jdbc:h2:mem:play] bound to JNDI as DefaultDS

2014-10-21 06:41:02,940 - [INFO] - from play in play-internal-execution-context-1 
database [default] connected at jdbc:h2:mem:play

2014-10-21 06:41:03,102 - [INFO] - from play in play-internal-execution-context-1 
Application started (Dev)

2014-10-21 06:41:58,835 - [INFO] - from play in play-internal-execution-context-1 
datasource [jdbc:h2:mem:play] bound to JNDI as DefaultDS

2014-10-21 06:41:58,849 - [INFO] - from play in play-internal-execution-context-1 
database [default] connected at jdbc:h2:mem:play

2014-10-21 06:41:59,066 - [INFO] - from play in play-internal-execution-context-1 
Application started (Dev)

2014-10-21 06:42:52,835 - [INFO] - from play in play-internal-execution-context-1 
datasource [jdbc:h2:mem:play] bound to JNDI as DefaultDS

2014-10-21 06:42:52,856 - [INFO] - from play in play-internal-execution-context-1 
database [default] connected at jdbc:h2:mem:play

2014-10-21 06:42:53,093 - [INFO] - from play in play-internal-execution-context-1 
Application started (Dev)

